<?xml version="1.0" encoding="UTF-8"?>
<testsuite xmlns:xsi="http://www.w3.org/2001/XMLSchema-instance" xsi:noNamespaceSchemaLocation="https://maven.apache.org/surefire/maven-surefire-plugin/xsd/surefire-test-report.xsd" version="3.0.2" name="AdminAddCardControllerTests" time="6.234" tests="3" errors="0" skipped="0" failures="0">
  <properties>
[...]
</properties>
  <testcase name="testAddCardToUser_Failed" classname="AdminAddCardControllerTests" time="0.165">
    <system-out><![CDATA[
  .   ____          _            __ _ _
 /\\ / ___'_ __ _ _(_)_ __  __ _ \ \ \ \
( ( )\___ | '_ | '_| | '_ \/ _` | \ \ \ \
 \\/  ___)| |_)| | | | | || (_| |  ) ) ) )
  '  |____| .__|_| |_|_| |_\__, | / / / /
 =========|_|==============|___/=/_/_/_/

 :: Spring Boot ::                (v3.4.1)

2025-10-25T18:33:07.746+03:00  INFO 17788 --- [           main] AdminAddCardControllerTests              : Starting AdminAddCardControllerTests using Java 24.0.2 with PID 17788 (started by User in C:\Users\User\distr\BankCardManagementSystems)
2025-10-25T18:33:07.748+03:00  INFO 17788 --- [           main] AdminAddCardControllerTests              : The following 1 profile is active: "dev"
2025-10-25T18:33:08.430+03:00  INFO 17788 --- [           main] .s.d.r.c.RepositoryConfigurationDelegate : Bootstrapping Spring Data JPA repositories in DEFAULT mode.
2025-10-25T18:33:08.498+03:00  INFO 17788 --- [           main] .s.d.r.c.RepositoryConfigurationDelegate : Finished Spring Data repository scanning in 55 ms. Found 2 JPA repository interfaces.
2025-10-25T18:33:09.985+03:00  INFO 17788 --- [           main] com.zaxxer.hikari.HikariDataSource       : HikariPool-1 - Starting...
2025-10-25T18:33:10.266+03:00  INFO 17788 --- [           main] com.zaxxer.hikari.pool.HikariPool        : HikariPool-1 - Added connection org.postgresql.jdbc.PgConnection@6be766d1
2025-10-25T18:33:10.268+03:00  INFO 17788 --- [           main] com.zaxxer.hikari.HikariDataSource       : HikariPool-1 - Start completed.
2025-10-25T18:33:10.353+03:00  INFO 17788 --- [           main] o.hibernate.jpa.internal.util.LogHelper  : HHH000204: Processing PersistenceUnitInfo [name: default]
2025-10-25T18:33:10.448+03:00  INFO 17788 --- [           main] org.hibernate.Version                    : HHH000412: Hibernate ORM core version 6.2.7.Final
2025-10-25T18:33:10.457+03:00  INFO 17788 --- [           main] org.hibernate.cfg.Environment            : HHH000406: Using bytecode reflection optimizer
2025-10-25T18:33:10.626+03:00  INFO 17788 --- [           main] o.h.b.i.BytecodeProviderInitiator        : HHH000021: Bytecode provider name : bytebuddy
2025-10-25T18:33:10.635+03:00  INFO 17788 --- [           main] o.s.o.j.p.SpringPersistenceUnitInfo      : No LoadTimeWeaver setup: ignoring JPA class transformer
2025-10-25T18:33:11.005+03:00  INFO 17788 --- [           main] o.h.b.i.BytecodeProviderInitiator        : HHH000021: Bytecode provider name : bytebuddy
2025-10-25T18:33:11.450+03:00  INFO 17788 --- [           main] o.h.e.t.j.p.i.JtaPlatformInitiator       : HHH000490: Using JtaPlatform implementation: [org.hibernate.engine.transaction.jta.platform.internal.NoJtaPlatform]
2025-10-25T18:33:11.452+03:00  INFO 17788 --- [           main] j.LocalContainerEntityManagerFactoryBean : Initialized JPA EntityManagerFactory for persistence unit 'default'
2025-10-25T18:33:11.803+03:00  INFO 17788 --- [           main] o.s.d.j.r.query.QueryEnhancerFactory     : Hibernate is in classpath; If applicable, HQL parser will be used.
2025-10-25T18:33:12.041+03:00  WARN 17788 --- [           main] JpaBaseConfiguration$JpaWebConfiguration : spring.jpa.open-in-view is enabled by default. Therefore, database queries may be performed during view rendering. Explicitly configure spring.jpa.open-in-view to disable this warning
2025-10-25T18:33:12.086+03:00  WARN 17788 --- [           main] .s.s.UserDetailsServiceAutoConfiguration : 

Using generated security password: 5a4afc27-25ff-448a-9b9e-e1218efa3fa0

This generated password is for development use only. Your security configuration must be updated before running your application in production.

2025-10-25T18:33:12.138+03:00  INFO 17788 --- [           main] r$InitializeUserDetailsManagerConfigurer : Global AuthenticationManager configured with UserDetailsService bean with name inMemoryUserDetailsManager
2025-10-25T18:33:12.401+03:00  WARN 17788 --- [           main] s.w.s.m.m.a.RequestMappingHandlerMapping : Multiple @RequestMapping annotations found on public org.springframework.http.ResponseEntity org.example.controller.UserBlockCardController.blockCard(java.util.Map) throws java.nio.file.AccessDeniedException, but only the first will be used: [@org.springframework.web.bind.annotation.RequestMapping(consumes={}, headers={}, method={}, name="", params={}, path={"/block"}, produces={}, value={"/block"}), @org.springframework.web.bind.annotation.PostMapping(consumes={}, headers={}, name="", params={}, path={}, produces={}, value={})]
2025-10-25T18:33:13.008+03:00  INFO 17788 --- [           main] o.s.b.t.m.w.SpringBootMockServletContext : Initializing Spring TestDispatcherServlet ''
2025-10-25T18:33:13.008+03:00  INFO 17788 --- [           main] o.s.t.web.servlet.TestDispatcherServlet  : Initializing Servlet ''
2025-10-25T18:33:13.009+03:00  INFO 17788 --- [           main] o.s.t.web.servlet.TestDispatcherServlet  : Completed initialization in 1 ms
2025-10-25T18:33:13.032+03:00  INFO 17788 --- [           main] AdminAddCardControllerTests              : Started AdminAddCardControllerTests in 5.615 seconds (process running for 6.432)
]]></system-out>
    <system-err><![CDATA[Mockito is currently self-attaching to enable the inline-mock-maker. This will no longer work in future releases of the JDK. Please add Mockito as an agent to your build what is described in Mockito's documentation: https://javadoc.io/doc/org.mockito/mockito-core/latest/org/mockito/Mockito.html#0.3
WARNING: A Java agent has been loaded dynamically (C:\Users\User\.m2\repository\net\bytebuddy\byte-buddy-agent\1.15.11\byte-buddy-agent-1.15.11.jar)
WARNING: If a serviceability tool is in use, please run with -XX:+EnableDynamicAgentLoading to hide this warning
WARNING: If a serviceability tool is not in use, please run with -Djdk.instrument.traceUsage for more information
WARNING: Dynamic loading of agents will be disallowed by default in a future release
]]></system-err>
  </testcase>
  <testcase name="testAddCardToUser_Success" classname="AdminAddCardControllerTests" time="0.05">
    <system-out><![CDATA[
MockHttpServletRequest:
      HTTP Method = POST
      Request URI = /admin/cards/1
       Parameters = {}
          Headers = [Content-Type:"application/json;charset=UTF-8", Content-Length:"97"]
             Body = {"cardNumber":"1234567890000461","expirationDate":"2025-10-25","status":"ACTIVE","balance":10000}
    Session Attrs = {}

Handler:
             Type = org.example.controller.AdminAddCardController
           Method = org.example.controller.AdminAddCardController#addCardToUser(Long, CreateCardDTO)

Async:
    Async started = false
     Async result = null

Resolved Exception:
             Type = null

ModelAndView:
        View name = null
             View = null
            Model = null

FlashMap:
       Attributes = null

MockHttpServletResponse:
           Status = 200
    Error message = null
          Headers = [Content-Type:"application/json", X-Content-Type-Options:"nosniff", X-XSS-Protection:"0", Cache-Control:"no-cache, no-store, max-age=0, must-revalidate", Pragma:"no-cache", Expires:"0", X-Frame-Options:"DENY"]
     Content type = application/json
             Body = {"id":1,"cardNumber":"1234567890000461","owner":null,"expirationDate":"2025-10-25","status":"ACTIVE","balance":10000,"requestBlocking":null}
    Forwarded URL = null
   Redirected URL = null
          Cookies = []
]]></system-out>
  </testcase>
  <testcase name="testConflictWhenCardAlreadyExists" classname="AdminAddCardControllerTests" time="0.063"/>
</testsuite>